<?xml version="1.0" encoding="UTF-8"?>
<!-- Generated by org.testng.reporters.JUnitReportReporter -->
<testsuite hostname="DESKTOP-81JNK5C" failures="0" tests="4" name="TestCases.TC008_InvalidLoginErrorMessageTest" time="1.421" errors="0" timestamp="2025-03-25T07:10:46 IST" skipped="0">
  <testcase classname="TestCases.TC008_InvalidLoginErrorMessageTest" name="IsInvalidLoginEroroMessageDisplayed" time="0.333"/>
  <testcase classname="TestCases.TC008_InvalidLoginErrorMessageTest" name="IsInvalidLoginEroroMessageDisplayed" time="0.420"/>
  <testcase classname="TestCases.TC008_InvalidLoginErrorMessageTest" name="IsInvalidLoginEroroMessageDisplayed" time="0.336"/>
  <testcase classname="TestCases.TC008_InvalidLoginErrorMessageTest" name="IsInvalidLoginEroroMessageDisplayed" time="0.332"/>
</testsuite> <!-- TestCases.TC008_InvalidLoginErrorMessageTest -->
