<?xml version="1.0" encoding="UTF-8"?>
<!-- Generated by org.testng.reporters.JUnitReportReporter -->
<testsuite hostname="DESKTOP-81JNK5C" failures="0" tests="1" name="TestCases.TC004_SearchForNonExistingProductTest" time="5.309" errors="0" timestamp="2025-03-25T06:58:05 IST" skipped="0">
  <testcase classname="TestCases.TC004_SearchForNonExistingProductTest" name="SearchForNonExistingProductTest" time="5.309"/>
</testsuite> <!-- TestCases.TC004_SearchForNonExistingProductTest -->
