<?xml version="1.0" encoding="UTF-8"?>
<!-- Generated by org.testng.reporters.JUnitReportReporter -->
<testsuite hostname="DESKTOP-81JNK5C" failures="0" tests="1" name="TestCases.TC001_ValidLoginTest" time="12.338" errors="0" timestamp="2025-03-25T07:10:46 IST" skipped="0">
  <testcase classname="TestCases.TC001_ValidLoginTest" name="validLogin" time="12.338"/>
</testsuite> <!-- TestCases.TC001_ValidLoginTest -->
