<?xml version="1.0" encoding="UTF-8"?>
<!-- Generated by org.testng.reporters.JUnitReportReporter -->
<testsuite hostname="DESKTOP-81JNK5C" failures="0" tests="1" name="TestCases.TC005_AddProducttheCarTest" time="1.277" errors="0" timestamp="2025-03-17T07:09:11 IST" skipped="0">
  <testcase classname="TestCases.TC005_AddProducttheCarTest" name="addProducttoCart" time="1.277"/>
</testsuite> <!-- TestCases.TC005_AddProducttheCarTest -->
