<?xml version="1.0" encoding="UTF-8"?>
<!-- Generated by org.testng.reporters.JUnitReportReporter -->
<testsuite hostname="DESKTOP-81JNK5C" failures="0" tests="4" name="TestCases.TC002_InvalidLoginTest" time="1.484" errors="0" timestamp="2025-03-25T07:10:46 IST" skipped="0">
  <testcase classname="TestCases.TC002_InvalidLoginTest" name="InvalidLogin" time="0.370"/>
  <testcase classname="TestCases.TC002_InvalidLoginTest" name="InvalidLogin" time="0.363"/>
  <testcase classname="TestCases.TC002_InvalidLoginTest" name="InvalidLogin" time="0.367"/>
  <testcase classname="TestCases.TC002_InvalidLoginTest" name="InvalidLogin" time="0.384"/>
</testsuite> <!-- TestCases.TC002_InvalidLoginTest -->
